<?xml version="1.0" encoding="UTF-8"?>
<!-- Generated by org.testng.reporters.JUnitReportReporter -->
<testsuite hostname="Riteshs-MacBook-Air.local" failures="0" tests="1" name="executionOrder.AnnotationsTest" time="0.004" errors="0" timestamp="2024-02-15T23:19:13 IST" skipped="0">
  <testcase classname="executionOrder.AnnotationsTest" name="first" time="0.004"/>
  <system-out/>
</testsuite> <!-- executionOrder.AnnotationsTest -->
