<?xml version="1.0" encoding="UTF-8"?>
<!-- Generated by org.testng.reporters.JUnitReportReporter -->
<testsuite hostname="Riteshs-MacBook-Air.local" failures="0" tests="2" name="com.testng.training.SampleTestTwo" time="0.001" errors="0" timestamp="2024-02-14T22:33:30 IST" skipped="0">
  <testcase classname="com.testng.training.SampleTestTwo" name="sampleTestTwoMethodOne" time="0.001"/>
  <system-out/>
  <testcase classname="com.testng.training.SampleTestTwo" name="sampleTestTwoMethodTwo" time="0.000"/>
  <system-out/>
</testsuite> <!-- com.testng.training.SampleTestTwo -->
