<?xml version="1.0" encoding="UTF-8"?>
<!-- Generated by org.testng.reporters.JUnitReportReporter -->
<testsuite hostname="Riteshs-MacBook-Air.local" failures="0" tests="3" name="com.testng.dataprovider.DataProviderParameterExample" time="0.002" errors="0" timestamp="2024-02-15T23:19:13 IST" skipped="0">
  <testcase classname="com.testng.dataprovider.DataProviderParameterExample" name="scenario1" time="0.000"/>
  <system-out/>
  <testcase classname="com.testng.dataprovider.DataProviderParameterExample" name="commonScenarios" time="0.002"/>
  <system-out/>
  <testcase classname="com.testng.dataprovider.DataProviderParameterExample" name="scenario2" time="0.000"/>
  <system-out/>
</testsuite> <!-- com.testng.dataprovider.DataProviderParameterExample -->
