<?xml version="1.0" encoding="UTF-8"?>
<!-- Generated by org.testng.reporters.JUnitReportReporter -->
<testsuite hostname="Riteshs-MacBook-Air.local" failures="0" tests="2" name="com.testng.dataprovider.TestParameterExample" time="0.006" errors="0" timestamp="2024-02-15T22:02:20 IST" skipped="0">
  <testcase classname="com.testng.dataprovider.TestParameterExample" name="testAddition" time="0.006"/>
  <system-out/>
  <testcase classname="com.testng.dataprovider.TestParameterExample" name="testAddition" time="0.000"/>
  <system-out/>
</testsuite> <!-- com.testng.dataprovider.TestParameterExample -->
