<?xml version="1.0" encoding="UTF-8"?>
<!-- Generated by org.testng.reporters.JUnitReportReporter -->
<testsuite hostname="Riteshs-MacBook-Air.local" failures="0" tests="2" name="com.testng.training.TestParameters" time="0.004" errors="0" timestamp="2024-02-15T23:19:13 IST" skipped="0">
  <testcase classname="com.testng.training.TestParameters" name="testCaseTwo" time="0.002"/>
  <system-out/>
  <testcase classname="com.testng.training.TestParameters" name="testCaseOne" time="0.002"/>
  <system-out/>
</testsuite> <!-- com.testng.training.TestParameters -->
