<?xml version="1.0" encoding="UTF-8"?>
<!-- Generated by org.testng.reporters.JUnitReportReporter -->
<testsuite hostname="Riteshs-MacBook-Air.local" failures="0" tests="4" name="com.testng.training.PriorityExample" time="0.004" errors="0" timestamp="2024-02-14T23:26:04 IST" skipped="0">
  <testcase classname="com.testng.training.PriorityExample" name="testOne" time="0.004"/>
  <system-out/>
  <testcase classname="com.testng.training.PriorityExample" name="testThree" time="0.000"/>
  <system-out/>
  <testcase classname="com.testng.training.PriorityExample" name="testFour" time="0.000"/>
  <system-out/>
  <testcase classname="com.testng.training.PriorityExample" name="testTwo" time="0.000"/>
  <system-out/>
</testsuite> <!-- com.testng.training.PriorityExample -->
