<?xml version="1.0" encoding="UTF-8"?>
<!-- Generated by org.testng.reporters.JUnitReportReporter -->
<testsuite hostname="Riteshs-MacBook-Air.local" failures="0" tests="3" name="FaceBookLogin" time="0.015" errors="0" timestamp="2024-02-14T22:33:30 IST" skipped="0">
  <testcase classname="FaceBookLogin" name="loginWithValidCredentials" time="0.002"/>
  <system-out/>
  <testcase classname="FaceBookLogin" name="loginWithInvalidCredentials" time="0.001"/>
  <system-out/>
  <testcase classname="FaceBookLogin" name="loginWithInValidUserName" time="0.012"/>
  <system-out/>
</testsuite> <!-- FaceBookLogin -->
