<?xml version="1.0" encoding="UTF-8"?>
<!-- Generated by org.testng.reporters.JUnitReportReporter -->
<testsuite hostname="Riteshs-MacBook-Air.local" failures="0" tests="2" name="com.testng.training.TestCaseGrouping" time="0.005" errors="0" timestamp="2024-02-15T21:13:45 IST" skipped="0">
  <testcase classname="com.testng.training.TestCaseGrouping" name="testCaseOne" time="0.005"/>
  <system-out/>
  <testcase classname="com.testng.training.TestCaseGrouping" name="testCaseTwo" time="0.000"/>
  <system-out/>
</testsuite> <!-- com.testng.training.TestCaseGrouping -->
