<?xml version="1.0" encoding="UTF-8"?>
<!-- Generated by org.testng.reporters.JUnitReportReporter -->
<testsuite hostname="Riteshs-MacBook-Air.local" failures="0" tests="1" name="com.testng.dataprovider.DataProviderAcceptanceExample" time="0.001" errors="0" timestamp="2024-02-15T23:19:13 IST" skipped="0">
  <testcase classname="com.testng.dataprovider.DataProviderAcceptanceExample" name="acceptanceTest" time="0.001"/>
  <system-out/>
</testsuite> <!-- com.testng.dataprovider.DataProviderAcceptanceExample -->
