<?xml version="1.0" encoding="UTF-8"?>
<!-- Generated by org.testng.reporters.JUnitReportReporter -->
<testsuite hostname="Riteshs-MacBook-Air.local" failures="0" tests="4" name="com.testng.training.SkippingExample" time="0.006" errors="0" timestamp="2024-02-14T23:21:58 IST" skipped="1">
  <testcase classname="com.testng.training.SkippingExample" name="testOne" time="0.000"/>
  <system-out/>
  <testcase classname="com.testng.training.SkippingExample" name="testFour" time="0.005"/>
  <system-out/>
  <testcase classname="com.testng.training.SkippingExample" name="testThree" time="0.001"/>
  <system-out/>
  <testcase classname="com.testng.training.SkippingExample" name="testTwo">
    <skipped/>
  </testcase> <!-- testTwo -->
  <system-out/>
</testsuite> <!-- com.testng.training.SkippingExample -->
