<?xml version="1.0" encoding="UTF-8"?>
<!-- Generated by org.testng.reporters.JUnitReportReporter -->
<testsuite hostname="Riteshs-MacBook-Air.local" failures="0" tests="2" name="FaceBookProfileTest" time="0.002" errors="0" timestamp="2024-02-14T22:33:30 IST" skipped="0">
  <testcase classname="FaceBookProfileTest" name="checkProfileLogo" time="0.001"/>
  <system-out/>
  <testcase classname="FaceBookProfileTest" name="checkProfileLink" time="0.001"/>
  <system-out/>
</testsuite> <!-- FaceBookProfileTest -->
